  ofApp.cpp
C:\Users\Administrator\Desktop\animacje the przedmiot\openframeworks\of_v0.12.0_vs_release\libs\openFrameworks\math\ofMatrix4x4.h(326,20): warning C4267: 'argument': conversion from 'size_t' to 'int', possible loss of data
  (compiling source file 'src/ofApp.cpp')
  
C:\Users\Administrator\Desktop\animacje the przedmiot\openframeworks\of_v0.12.0_vs_release\libs\openFrameworks\math\ofMatrix4x4.h(331,20): warning C4267: 'argument': conversion from 'size_t' to 'int', possible loss of data
  (compiling source file 'src/ofApp.cpp')
  
C:\Users\Administrator\Desktop\animacje the przedmiot\openframeworks\of_v0.12.0_vs_release\libs\openFrameworks\math\ofMatrix4x4.h(912,11): warning C4267: 'argument': conversion from 'size_t' to 'int', possible loss of data
  (compiling source file 'src/ofApp.cpp')
  
C:\Users\Administrator\Desktop\animacje the przedmiot\openframeworks\of_v0.12.0_vs_release\libs\openFrameworks\math\ofMatrix4x4.h(913,11): warning C4267: 'argument': conversion from 'size_t' to 'int', possible loss of data
  (compiling source file 'src/ofApp.cpp')
  
C:\Users\Administrator\Desktop\animacje the przedmiot\openframeworks\of_v0.12.0_vs_release\libs\openFrameworks\math\ofMatrix4x4.h(914,11): warning C4267: 'argument': conversion from 'size_t' to 'int', possible loss of data
  (compiling source file 'src/ofApp.cpp')
  
C:\Users\Administrator\Desktop\animacje the przedmiot\openframeworks\of_v0.12.0_vs_release\libs\openFrameworks\math\ofMatrix4x4.h(915,11): warning C4267: 'argument': conversion from 'size_t' to 'int', possible loss of data
  (compiling source file 'src/ofApp.cpp')
  
LINK : warning LNK4075: ignoring '/INCREMENTAL' due to '/FORCE' specification
  particle_system_5.vcxproj -> C:\Users\Administrator\Desktop\animacje the przedmiot\openframeworks\tests\particle_system_5\bin\particle_system_5_debug.exe
  
  	                   2	C:\Users\Administrator\Desktop\animacje the przedmiot\openframeworks\of_v0.12.0_vs_release\libs\fmod\lib\vs\x64\
  	  *EXTRA File 		 6942208	C:\Users\Administrator\Desktop\animacje the przedmiot\openframeworks\tests\particle_system_5\bin\FreeImage.dll
  
  	                   1	C:\Users\Administrator\Desktop\animacje the przedmiot\openframeworks\of_v0.12.0_vs_release\libs\FreeImage\lib\vs\x64\
  	  *EXTRA File 		 1826304	C:\Users\Administrator\Desktop\animacje the przedmiot\openframeworks\tests\particle_system_5\bin\fmod.dll
  	  *EXTRA File 		 2041856	C:\Users\Administrator\Desktop\animacje the przedmiot\openframeworks\tests\particle_system_5\bin\fmodL.dll
